Arguments: 
  C:\Program Files\nodejs\node.exe C:\Users\ricar\AppData\Roaming\npm\node_modules\yarn\bin\yarn.js add --dev electron

PATH: 
  C:\Program Files (x86)\Common Files\Oracle\Java\javapath;C:\Windows\system32;C:\Windows;C:\Windows\System32\Wbem;C:\Windows\System32\WindowsPowerShell\v1.0\;C:\Windows\System32\OpenSSH\;C:\Program Files\nodejs\;C:\Program Files\Git\cmd;C:\Program Files\dotnet\;C:\LINGO64_19\;C:\composer;C:\Users\ricar\AppData\Local\Programs\Python\Python39\Scripts\;C:\Users\ricar\AppData\Local\Programs\Python\Python39\;C:\Users\ricar\AppData\Local\Microsoft\WindowsApps;C:\Users\ricar\AppData\Roaming\npm;C:\Users\ricar\AppData\Local\Programs\Microsoft VS Code\bin;C:\Users\ricar\AppData\Local\gitkraken\bin;C:\Program Files (x86)\WiX Toolset v3.11\bin;C:\xampp\php;C:\MinGW\bin;C:\Users\ricar\AppData\Local\GitHubDesktop\bin;C:\Users\ricar\.dotnet\tools;C:\Users\ricar\AppData\Roaming\Composer\vendor\bin

Yarn version: 
  1.22.11

Node version: 
  14.17.4

Platform: 
  win32 x64

Trace: 
  Error: https://registry.npmjs.org/electron/-/electron-19.0.0.tgz: Request failed "404 Not Found"
      at ResponseError.ExtendableBuiltin (C:\Users\ricar\AppData\Roaming\npm\node_modules\yarn\lib\cli.js:696:66)
      at new ResponseError (C:\Users\ricar\AppData\Roaming\npm\node_modules\yarn\lib\cli.js:802:124)
      at Request.<anonymous> (C:\Users\ricar\AppData\Roaming\npm\node_modules\yarn\lib\cli.js:67062:16)
      at Request.emit (events.js:400:28)
      at Request.module.exports.Request.onRequestResponse (C:\Users\ricar\AppData\Roaming\npm\node_modules\yarn\lib\cli.js:141640:10)
      at ClientRequest.emit (events.js:400:28)
      at HTTPParser.parserOnIncomingClient (_http_client.js:647:27)
      at HTTPParser.parserOnHeadersComplete (_http_common.js:126:17)
      at TLSSocket.socketOnData (_http_client.js:515:22)
      at TLSSocket.emit (events.js:400:28)

npm manifest: 
  {
    "name": "infinity-deck",
    "version": "1.0.0",
    "description": "VOID",
    "main": "index.js",
    "scripts": {
      "test": "echo \"Error: no test specified\" && exit 1"
    },
    "author": "I.R",
    "license": "ISC"
  }

yarn manifest: 
  No manifest

Lockfile: 
  # THIS IS AN AUTOGENERATED FILE. DO NOT EDIT THIS FILE DIRECTLY.
  # yarn lockfile v1
